<?xml version="1.0" encoding="UTF-8"?>
<testng-results ignored="0" total="3" passed="3" failed="0" skipped="0">
  <reporter-output>
  </reporter-output>
  <suite started-at="2024-02-24T09:33:54 IST" name="master" finished-at="2024-02-24T09:37:59 IST" duration-ms="244813">
    <groups>
      <group name="regression">
        <method signature="TC_01_TravelInsurance.VerifyTraveldetails()[pri:1, instance:TestCases.TC_01_TravelInsurance@4562e04d]" name="VerifyTraveldetails" class="TestCases.TC_01_TravelInsurance"/>
        <method signature="TC_02_CarInsurance.verifyCarInsurance()[pri:1, instance:TestCases.TC_02_CarInsurance@459e9125]" name="verifyCarInsurance" class="TestCases.TC_02_CarInsurance"/>
      </group> <!-- regression -->
      <group name="sanity">
        <method signature="TC_03_HealthInsurance.verifyHealthList()[pri:1, instance:TestCases.TC_03_HealthInsurance@128d2484]" name="verifyHealthList" class="TestCases.TC_03_HealthInsurance"/>
      </group> <!-- sanity -->
      <group name="master">
        <method signature="TC_01_TravelInsurance.VerifyTraveldetails()[pri:1, instance:TestCases.TC_01_TravelInsurance@4562e04d]" name="VerifyTraveldetails" class="TestCases.TC_01_TravelInsurance"/>
        <method signature="TC_02_CarInsurance.verifyCarInsurance()[pri:1, instance:TestCases.TC_02_CarInsurance@459e9125]" name="verifyCarInsurance" class="TestCases.TC_02_CarInsurance"/>
      </group> <!-- master -->
    </groups>
    <test started-at="2024-02-24T09:33:54 IST" name="Test" finished-at="2024-02-24T09:37:59 IST" duration-ms="244813">
      <class name="TestCases.TC_03_HealthInsurance">
        <test-method is-config="true" signature="setup(java.lang.String,java.lang.String)[pri:0, instance:TestCases.TC_03_HealthInsurance@128d2484]" started-at="2024-02-24T09:36:39 IST" name="setup" finished-at="2024-02-24T09:37:52 IST" duration-ms="72722" status="PASS">
          <params>
            <param index="0">
              <value>
                <![CDATA[windows]]>
              </value>
            </param>
            <param index="1">
              <value>
                <![CDATA[chrome]]>
              </value>
            </param>
          </params>
          <reporter-output>
          </reporter-output>
        </test-method> <!-- setup -->
        <test-method signature="verifyHealthList()[pri:1, instance:TestCases.TC_03_HealthInsurance@128d2484]" started-at="2024-02-24T09:37:52 IST" name="verifyHealthList" finished-at="2024-02-24T09:37:56 IST" duration-ms="3954" status="PASS">
          <reporter-output>
          </reporter-output>
        </test-method> <!-- verifyHealthList -->
        <test-method is-config="true" signature="tearDown()[pri:0, instance:TestCases.TC_03_HealthInsurance@128d2484]" started-at="2024-02-24T09:37:57 IST" name="tearDown" finished-at="2024-02-24T09:37:59 IST" duration-ms="2004" status="PASS">
          <reporter-output>
          </reporter-output>
        </test-method> <!-- tearDown -->
      </class> <!-- TestCases.TC_03_HealthInsurance -->
      <class name="TestCases.TC_02_CarInsurance">
        <test-method is-config="true" signature="setup(java.lang.String,java.lang.String)[pri:0, instance:TestCases.TC_02_CarInsurance@459e9125]" started-at="2024-02-24T09:35:30 IST" name="setup" finished-at="2024-02-24T09:36:31 IST" duration-ms="61673" status="PASS">
          <params>
            <param index="0">
              <value>
                <![CDATA[windows]]>
              </value>
            </param>
            <param index="1">
              <value>
                <![CDATA[chrome]]>
              </value>
            </param>
          </params>
          <reporter-output>
          </reporter-output>
        </test-method> <!-- setup -->
        <test-method signature="verifyCarInsurance()[pri:1, instance:TestCases.TC_02_CarInsurance@459e9125]" started-at="2024-02-24T09:36:31 IST" name="verifyCarInsurance" finished-at="2024-02-24T09:36:38 IST" duration-ms="6487" status="PASS">
          <reporter-output>
          </reporter-output>
        </test-method> <!-- verifyCarInsurance -->
        <test-method is-config="true" signature="tearDown()[pri:0, instance:TestCases.TC_02_CarInsurance@459e9125]" started-at="2024-02-24T09:36:38 IST" name="tearDown" finished-at="2024-02-24T09:36:39 IST" duration-ms="1395" status="PASS">
          <reporter-output>
          </reporter-output>
        </test-method> <!-- tearDown -->
      </class> <!-- TestCases.TC_02_CarInsurance -->
      <class name="TestCases.TC_01_TravelInsurance">
        <test-method is-config="true" signature="setup(java.lang.String,java.lang.String)[pri:0, instance:TestCases.TC_01_TravelInsurance@4562e04d]" started-at="2024-02-24T09:33:54 IST" name="setup" finished-at="2024-02-24T09:35:04 IST" duration-ms="69865" status="PASS">
          <params>
            <param index="0">
              <value>
                <![CDATA[windows]]>
              </value>
            </param>
            <param index="1">
              <value>
                <![CDATA[chrome]]>
              </value>
            </param>
          </params>
          <reporter-output>
          </reporter-output>
        </test-method> <!-- setup -->
        <test-method signature="VerifyTraveldetails()[pri:1, instance:TestCases.TC_01_TravelInsurance@4562e04d]" started-at="2024-02-24T09:35:04 IST" name="VerifyTraveldetails" finished-at="2024-02-24T09:35:27 IST" duration-ms="23039" status="PASS">
          <reporter-output>
          </reporter-output>
        </test-method> <!-- VerifyTraveldetails -->
        <test-method is-config="true" signature="tearDown()[pri:0, instance:TestCases.TC_01_TravelInsurance@4562e04d]" started-at="2024-02-24T09:35:28 IST" name="tearDown" finished-at="2024-02-24T09:35:30 IST" duration-ms="1676" status="PASS">
          <reporter-output>
          </reporter-output>
        </test-method> <!-- tearDown -->
      </class> <!-- TestCases.TC_01_TravelInsurance -->
    </test> <!-- Test -->
  </suite> <!-- master -->
</testng-results>
