<?xml version="1.0" encoding="UTF-8"?>
<!-- Generated by org.testng.reporters.JUnitXMLReporter -->
<testsuite ignored="0" hostname="LTIN511242" failures="0" tests="3" name="Test" time="244.813" errors="0" timestamp="2024-02-24T09:38:02 IST">
  <testcase classname="TestCases.TC_01_TravelInsurance" name="VerifyTraveldetails" time="23.039"/>
  <testcase classname="TestCases.TC_02_CarInsurance" name="verifyCarInsurance" time="6.487"/>
  <testcase classname="TestCases.TC_03_HealthInsurance" name="verifyHealthList" time="3.954"/>
</testsuite> <!-- Test -->
